Performing C SOURCE FILE Test CMAKE_HAVE_LIBC_PTHREAD failed with the following output:
Change Dir: /home/cilab/project/build/CMakeFiles/CMakeTmp

Run Build Command(s):/usr/bin/make cmTC_4bf79/fast && /usr/bin/make  -f CMakeFiles/cmTC_4bf79.dir/build.make CMakeFiles/cmTC_4bf79.dir/build
make[1]: Entering directory '/home/cilab/project/build/CMakeFiles/CMakeTmp'
Building C object CMakeFiles/cmTC_4bf79.dir/src.c.o
/usr/bin/cc   -DCMAKE_HAVE_LIBC_PTHREAD -o CMakeFiles/cmTC_4bf79.dir/src.c.o -c /home/cilab/project/build/CMakeFiles/CMakeTmp/src.c
Linking C executable cmTC_4bf79
/usr/local/bin/cmake -E cmake_link_script CMakeFiles/cmTC_4bf79.dir/link.txt --verbose=1
/usr/bin/cc  -DCMAKE_HAVE_LIBC_PTHREAD -rdynamic CMakeFiles/cmTC_4bf79.dir/src.c.o -o cmTC_4bf79 
CMakeFiles/cmTC_4bf79.dir/src.c.o: In function `main':
src.c:(.text+0x3c): undefined reference to `pthread_create'
src.c:(.text+0x48): undefined reference to `pthread_detach'
src.c:(.text+0x54): undefined reference to `pthread_cancel'
src.c:(.text+0x65): undefined reference to `pthread_join'
src.c:(.text+0x79): undefined reference to `pthread_atfork'
collect2: error: ld returned 1 exit status
CMakeFiles/cmTC_4bf79.dir/build.make:105: recipe for target 'cmTC_4bf79' failed
make[1]: *** [cmTC_4bf79] Error 1
make[1]: Leaving directory '/home/cilab/project/build/CMakeFiles/CMakeTmp'
Makefile:140: recipe for target 'cmTC_4bf79/fast' failed
make: *** [cmTC_4bf79/fast] Error 2


Source file was:
#include <pthread.h>

void* test_func(void* data)
{
  return data;
}

int main(void)
{
  pthread_t thread;
  pthread_create(&thread, NULL, test_func, NULL);
  pthread_detach(thread);
  pthread_cancel(thread);
  pthread_join(thread, NULL);
  pthread_atfork(NULL, NULL, NULL);
  pthread_exit(NULL);

  return 0;
}

Determining if the function pthread_create exists in the pthreads failed with the following output:
Change Dir: /home/cilab/project/build/CMakeFiles/CMakeTmp

Run Build Command(s):/usr/bin/make cmTC_cbd60/fast && /usr/bin/make  -f CMakeFiles/cmTC_cbd60.dir/build.make CMakeFiles/cmTC_cbd60.dir/build
make[1]: Entering directory '/home/cilab/project/build/CMakeFiles/CMakeTmp'
Building C object CMakeFiles/cmTC_cbd60.dir/CheckFunctionExists.c.o
/usr/bin/cc   -DCHECK_FUNCTION_EXISTS=pthread_create -o CMakeFiles/cmTC_cbd60.dir/CheckFunctionExists.c.o -c /usr/local/share/cmake-3.18/Modules/CheckFunctionExists.c
Linking C executable cmTC_cbd60
/usr/local/bin/cmake -E cmake_link_script CMakeFiles/cmTC_cbd60.dir/link.txt --verbose=1
/usr/bin/cc  -DCHECK_FUNCTION_EXISTS=pthread_create -rdynamic CMakeFiles/cmTC_cbd60.dir/CheckFunctionExists.c.o -o cmTC_cbd60  -lpthreads 
/usr/bin/ld: cannot find -lpthreads
collect2: error: ld returned 1 exit status
CMakeFiles/cmTC_cbd60.dir/build.make:105: recipe for target 'cmTC_cbd60' failed
make[1]: *** [cmTC_cbd60] Error 1
make[1]: Leaving directory '/home/cilab/project/build/CMakeFiles/CMakeTmp'
Makefile:140: recipe for target 'cmTC_cbd60/fast' failed
make: *** [cmTC_cbd60/fast] Error 2



